[debug] [2024-05-08T19:22:15.373Z] ----------------------------------------------------------------------
[debug] [2024-05-08T19:22:15.376Z] Command:       C:\Program Files\nodejs\node.exe C:\Users\Usuario\AppData\Roaming\npm\node_modules\firebase-tools\lib\bin\firebase.js init
[debug] [2024-05-08T19:22:15.376Z] CLI Version:   13.8.1
[debug] [2024-05-08T19:22:15.376Z] Platform:      win32
[debug] [2024-05-08T19:22:15.376Z] Node Version:  v20.11.1
[debug] [2024-05-08T19:22:15.377Z] Time:          Wed May 08 2024 21:22:15 GMT+0200 (hora de verano de Europa central)
[debug] [2024-05-08T19:22:15.377Z] ----------------------------------------------------------------------
[debug] 
[debug] [2024-05-08T19:22:15.379Z] >>> [apiv2][query] GET https://firebase-public.firebaseio.com/cli.json [none]
[debug] [2024-05-08T19:22:15.422Z] > command requires scopes: ["email","openid","https://www.googleapis.com/auth/cloudplatformprojects.readonly","https://www.googleapis.com/auth/firebase","https://www.googleapis.com/auth/cloud-platform"]
[debug] [2024-05-08T19:22:15.422Z] > authorizing via signed-in user (nuriaguevarafuentes@gmail.com)
[info] 
     ######## #### ########  ######## ########     ###     ######  ########
     ##        ##  ##     ## ##       ##     ##  ##   ##  ##       ##
     ######    ##  ########  ######   ########  #########  ######  ######
     ##        ##  ##    ##  ##       ##     ## ##     ##       ## ##
     ##       #### ##     ## ######## ########  ##     ##  ######  ########

You're about to initialize a Firebase project in this directory:

  C:\Users\Usuario\Desktop\my-framer-motion-project

[debug] [2024-05-08T19:22:15.753Z] <<< [apiv2][status] GET https://firebase-public.firebaseio.com/cli.json 200
[debug] [2024-05-08T19:22:15.753Z] <<< [apiv2][body] GET https://firebase-public.firebaseio.com/cli.json {"cloudBuildErrorAfter":1594252800000,"cloudBuildWarnAfter":1590019200000,"defaultNode10After":1594252800000,"minVersion":"3.0.5","node8DeploysDisabledAfter":1613390400000,"node8RuntimeDisabledAfter":1615809600000,"node8WarnAfter":1600128000000}
[info] 
=== Project Setup
[info] 
[info] First, let's associate this project directory with a Firebase project.
[info] You can create multiple project aliases by running firebase use --add, 
[info] but for now we'll just set up a default project.
[info] 
[debug] [2024-05-08T19:22:33.292Z] > refreshing access token with scopes: []
[debug] [2024-05-08T19:22:33.292Z] >>> [apiv2][query] POST https://www.googleapis.com/oauth2/v3/token [none]
[debug] [2024-05-08T19:22:33.292Z] >>> [apiv2][body] POST https://www.googleapis.com/oauth2/v3/token [omitted]
[debug] [2024-05-08T19:22:33.460Z] <<< [apiv2][status] POST https://www.googleapis.com/oauth2/v3/token 200
[debug] [2024-05-08T19:22:33.460Z] <<< [apiv2][body] POST https://www.googleapis.com/oauth2/v3/token [omitted]
[debug] [2024-05-08T19:22:33.468Z] >>> [apiv2][query] GET https://firebase.googleapis.com/v1beta1/projects pageSize=100
[debug] [2024-05-08T19:22:33.963Z] <<< [apiv2][status] GET https://firebase.googleapis.com/v1beta1/projects 200
[debug] [2024-05-08T19:22:33.964Z] <<< [apiv2][body] GET https://firebase.googleapis.com/v1beta1/projects [omitted]
[info] i  Using project nuriaguevaraweb (nuriaguevaraweb) 
[info] 
=== Hosting Setup
[debug] [2024-05-08T19:22:40.943Z] >>> [apiv2][query] GET https://firebase.googleapis.com/v1beta1/projects/nuriaguevaraweb [none]
[debug] [2024-05-08T19:22:41.230Z] <<< [apiv2][status] GET https://firebase.googleapis.com/v1beta1/projects/nuriaguevaraweb 200
[debug] [2024-05-08T19:22:41.230Z] <<< [apiv2][body] GET https://firebase.googleapis.com/v1beta1/projects/nuriaguevaraweb {"projectId":"nuriaguevaraweb","projectNumber":"53338672623","displayName":"nuriaguevaraweb","name":"projects/nuriaguevaraweb","resources":{"hostingSite":"nuriaguevaraweb"},"state":"ACTIVE","etag":"1_9a6947db-3ab8-4113-b4c6-073a9ba54b0d"}
[info] 
[info] Your public directory is the folder (relative to your project directory) that
[info] will contain Hosting assets to be uploaded with firebase deploy. If you
[info] have a build process for your assets, use your build's output directory.
[info] 
[info] +  Wrote build/404.html 
[debug] [2024-05-08T19:25:33.146Z] >>> [apiv2][query] GET https://www.gstatic.com/firebasejs/releases.json [none]
[debug] [2024-05-08T19:25:33.261Z] <<< [apiv2][status] GET https://www.gstatic.com/firebasejs/releases.json 200
[debug] [2024-05-08T19:25:33.262Z] <<< [apiv2][body] GET https://www.gstatic.com/firebasejs/releases.json {"current":{"version":"10.11.1","browserURL":"https://www.gstatic.com/firebasejs/10.11.1/firebase.js","packageURL":"https://www.gstatic.com/firebasejs/10.11.1/firebase.tgz"},"live":{"version":"10.11","browserURL":"https://www.gstatic.com/firebasejs/live/10.11/firebase.js","packageURL":"https://www.gstatic.com/firebasejs/live/10.11/firebase.tgz"},"components":{"analytics":"https://www.gstatic.com/firebasejs/10.11.1/firebase-analytics.js","app":"https://www.gstatic.com/firebasejs/10.11.1/firebase-app.js","app-check":"https://www.gstatic.com/firebasejs/10.11.1/firebase-app-check.js","auth":"https://www.gstatic.com/firebasejs/10.11.1/firebase-auth.js","auth/cordova":"https://www.gstatic.com/firebasejs/10.11.1/firebase-auth/cordova.js","auth/web-extension":"https://www.gstatic.com/firebasejs/10.11.1/firebase-auth/web-extension.js","functions":"https://www.gstatic.com/firebasejs/10.11.1/firebase-functions.js","firestore":"https://www.gstatic.com/firebasejs/10.11.1/firebase-firestore.js","firestore/lite":"https://www.gstatic.com/firebasejs/10.11.1/firebase-firestore/lite.js","installations":"https://www.gstatic.com/firebasejs/10.11.1/firebase-installations.js","storage":"https://www.gstatic.com/firebasejs/10.11.1/firebase-storage.js","performance":"https://www.gstatic.com/firebasejs/10.11.1/firebase-performance.js","remote-config":"https://www.gstatic.com/firebasejs/10.11.1/firebase-remote-config.js","messaging":"https://www.gstatic.com/firebasejs/10.11.1/firebase-messaging.js","messaging/sw":"https://www.gstatic.com/firebasejs/10.11.1/firebase-messaging/sw.js","database":"https://www.gstatic.com/firebasejs/10.11.1/firebase-database.js","firestore.memory":"https://www.gstatic.com/firebasejs/10.11.1/firebase-firestore.memory.js"}}
[info] +  Wrote build/index.html 
[info] 
[info] i  Detected a .git folder at C:\Users\Usuario\Desktop\my-framer-motion-project 
[info] i  Authorizing with GitHub to upload your service account to a GitHub repository's secrets store. 
[info] 
[info] Visit this URL on this device to log in:
[info] https://github.com/login/oauth/authorize?client_id=89cf50f02ac6aaed3484&state=162538696&redirect_uri=http%3A%2F%2Flocalhost%3A9005&scope=read%3Auser%20repo%20public_repo
[info] 
[info] Waiting for authentication...
[debug] [2024-05-08T19:25:43.533Z] >>> [apiv2][query] POST https://github.com/login/oauth/access_token [none]
[debug] [2024-05-08T19:25:43.533Z] >>> [apiv2][body] POST https://github.com/login/oauth/access_token [stream]
[debug] [2024-05-08T19:25:44.057Z] <<< [apiv2][status] POST https://github.com/login/oauth/access_token 200
[debug] [2024-05-08T19:25:44.057Z] <<< [apiv2][body] POST https://github.com/login/oauth/access_token {"access_token":"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","token_type":"bearer","scope":"read:user,repo"}
[debug] [2024-05-08T19:25:44.060Z] >>> [apiv2][query] GET https://api.github.com/user [none]
[debug] [2024-05-08T19:25:44.754Z] <<< [apiv2][status] GET https://api.github.com/user 200
[debug] [2024-05-08T19:25:44.754Z] <<< [apiv2][body] GET https://api.github.com/user {"login":"Nuguit","id":148481248,"node_id":"U_kgDOCNmk4A","avatar_url":"https://avatars.githubusercontent.com/u/148481248?v=4","gravatar_id":"","url":"https://api.github.com/users/Nuguit","html_url":"https://github.com/Nuguit","followers_url":"https://api.github.com/users/Nuguit/followers","following_url":"https://api.github.com/users/Nuguit/following{/other_user}","gists_url":"https://api.github.com/users/Nuguit/gists{/gist_id}","starred_url":"https://api.github.com/users/Nuguit/starred{/owner}{/repo}","subscriptions_url":"https://api.github.com/users/Nuguit/subscriptions","organizations_url":"https://api.github.com/users/Nuguit/orgs","repos_url":"https://api.github.com/users/Nuguit/repos","events_url":"https://api.github.com/users/Nuguit/events{/privacy}","received_events_url":"https://api.github.com/users/Nuguit/received_events","type":"User","site_admin":false,"name":"NuriaGuevara","company":null,"blog":"","location":null,"email":null,"hireable":null,"bio":null,"twitter_username":null,"public_repos":38,"public_gists":0,"followers":5,"following":5,"created_at":"2023-10-19T16:49:10Z","updated_at":"2024-05-01T18:33:02Z","private_gists":0,"total_private_repos":1,"owned_private_repos":1,"disk_usage":37715,"collaborators":0,"two_factor_authentication":false,"plan":{"name":"free","space":976562499,"collaborators":0,"private_repos":10000}}
[info] 
[info] +  Success! Logged into GitHub as Nuguit 
[info] 
